Arguments: 
  /usr/local/bin/node /usr/local/bin/yarn init -y

PATH: 
  /Users/yannick/.pyenv/shims:/opt/homebrew/bin:/usr/local/bin:/System/Cryptexes/App/usr/bin:/usr/bin:/bin:/usr/sbin:/sbin:/Applications/Docker.app/Contents/Resources/bin/

Yarn version: 
  1.22.19

Node version: 
  18.16.1

Platform: 
  darwin arm64

Trace: 
  SyntaxError: /Users/yannick/project/my-turborepo-project/package.json: Unexpected token { in JSON at position 109
      at JSON.parse (<anonymous>)
      at /usr/local/lib/node_modules/yarn/lib/cli.js:1629:59
      at Generator.next (<anonymous>)
      at step (/usr/local/lib/node_modules/yarn/lib/cli.js:310:30)
      at /usr/local/lib/node_modules/yarn/lib/cli.js:321:13

npm manifest: 
  No manifest

yarn manifest: 
  No manifest

Lockfile: 
  No lockfile
